2019-12-02 12:00:23.945  INFO 40472 --- [main] c.c.c.ConfigServicePropertySourceLocator : Fetching config from server at: http://localhost:8888
2019-12-02 12:00:24.010  WARN 40472 --- [main] c.c.c.ConfigServicePropertySourceLocator : Could not locate PropertySource: I/O error on GET request for "http://localhost:8888/application/default": Connection refused (Connection refused); nested exception is java.net.ConnectException: Connection refused (Connection refused)
2019-12-02 12:00:24.011  INFO 40472 --- [main] o.h.server.HeimdallServerApplication     : No active profile set, falling back to default profiles: default
2019-12-02 12:00:24.020  INFO 40472 --- [main] ationConfigEmbeddedWebApplicationContext : Refreshing org.springframework.boot.context.embedded.AnnotationConfigEmbeddedWebApplicationContext@340b9973: startup date [Mon Dec 02 12:00:24 CST 2019]; parent: org.springframework.context.annotation.AnnotationConfigApplicationContext@5af3afd9
2019-12-02 12:00:24.545  INFO 40472 --- [main] o.s.cloud.context.scope.GenericScope     : BeanFactory id=e622ddb9-b600-3105-9d14-1bdf2ca06943
2019-12-02 12:00:24.556  INFO 40472 --- [main] f.a.AutowiredAnnotationBeanPostProcessor : JSR-330 'javax.inject.Inject' annotation found and supported for autowiring
2019-12-02 12:00:24.591  INFO 40472 --- [main] trationDelegate$BeanPostProcessorChecker : Bean 'org.springframework.cloud.netflix.metrics.MetricsInterceptorConfiguration$MetricsRestTemplateConfiguration' of type [org.springframework.cloud.netflix.metrics.MetricsInterceptorConfiguration$MetricsRestTemplateConfiguration$$EnhancerBySpringCGLIB$$818ef7d9] is not eligible for getting processed by all BeanPostProcessors (for example: not eligible for auto-proxying)
2019-12-02 12:00:24.596  INFO 40472 --- [main] trationDelegate$BeanPostProcessorChecker : Bean 'org.springframework.cloud.autoconfigure.ConfigurationPropertiesRebinderAutoConfiguration' of type [org.springframework.cloud.autoconfigure.ConfigurationPropertiesRebinderAutoConfiguration$$EnhancerBySpringCGLIB$$6b7c5495] is not eligible for getting processed by all BeanPostProcessors (for example: not eligible for auto-proxying)
2019-12-02 12:00:24.806  INFO 40472 --- [main] s.b.c.e.t.TomcatEmbeddedServletContainer : Tomcat initialized with port(s): 2000 (http)
2019-12-02 12:00:24.812  INFO 40472 --- [main] o.apache.catalina.core.StandardService   : Starting service [Tomcat]
2019-12-02 12:00:24.813  INFO 40472 --- [main] org.apache.catalina.core.StandardEngine  : Starting Servlet Engine: Apache Tomcat/8.5.16
2019-12-02 12:00:24.890  INFO 40472 --- [localhost-startStop-1] o.a.c.c.C.[Tomcat].[localhost].[/]       : Initializing Spring embedded WebApplicationContext
2019-12-02 12:00:24.890  INFO 40472 --- [localhost-startStop-1] o.s.web.context.ContextLoader            : Root WebApplicationContext: initialization completed in 870 ms
2019-12-02 12:00:25.280  INFO 40472 --- [localhost-startStop-1] o.s.b.w.servlet.FilterRegistrationBean   : Mapping filter: 'metricsFilter' to: [/*]
2019-12-02 12:00:25.280  INFO 40472 --- [localhost-startStop-1] o.s.b.w.servlet.FilterRegistrationBean   : Mapping filter: 'characterEncodingFilter' to: [/*]
2019-12-02 12:00:25.280  INFO 40472 --- [localhost-startStop-1] o.s.b.w.servlet.FilterRegistrationBean   : Mapping filter: 'hiddenHttpMethodFilter' to: [/*]
2019-12-02 12:00:25.280  INFO 40472 --- [localhost-startStop-1] o.s.b.w.servlet.FilterRegistrationBean   : Mapping filter: 'httpPutFormContentFilter' to: [/*]
2019-12-02 12:00:25.280  INFO 40472 --- [localhost-startStop-1] o.s.b.w.servlet.FilterRegistrationBean   : Mapping filter: 'requestContextFilter' to: [/*]
2019-12-02 12:00:25.281  INFO 40472 --- [localhost-startStop-1] o.s.b.w.servlet.FilterRegistrationBean   : Mapping filter: 'webRequestTraceFilter' to: [/*]
2019-12-02 12:00:25.281  INFO 40472 --- [localhost-startStop-1] o.s.b.w.servlet.FilterRegistrationBean   : Mapping filter: 'servletContainer' to urls: [/eureka/*]
2019-12-02 12:00:25.281  INFO 40472 --- [localhost-startStop-1] o.s.b.w.servlet.FilterRegistrationBean   : Mapping filter: 'applicationContextIdFilter' to: [/*]
2019-12-02 12:00:25.281  INFO 40472 --- [localhost-startStop-1] o.s.b.w.servlet.ServletRegistrationBean  : Mapping servlet: 'dispatcherServlet' to [/]
2019-12-02 12:00:25.331  INFO 40472 --- [localhost-startStop-1] c.s.j.s.i.a.WebApplicationImpl           : Initiating Jersey application, version 'Jersey: 1.19.1 03/11/2016 02:08 PM'
2019-12-02 12:00:25.382  INFO 40472 --- [localhost-startStop-1] c.n.d.provider.DiscoveryJerseyProvider   : Using JSON encoding codec LegacyJacksonJson
2019-12-02 12:00:25.383  INFO 40472 --- [localhost-startStop-1] c.n.d.provider.DiscoveryJerseyProvider   : Using JSON decoding codec LegacyJacksonJson
2019-12-02 12:00:25.474  INFO 40472 --- [localhost-startStop-1] c.n.d.provider.DiscoveryJerseyProvider   : Using XML encoding codec XStreamXml
2019-12-02 12:00:25.474  INFO 40472 --- [localhost-startStop-1] c.n.d.provider.DiscoveryJerseyProvider   : Using XML decoding codec XStreamXml
2019-12-02 12:00:25.944  WARN 40472 --- [main] o.s.c.n.a.ArchaiusAutoConfiguration      : No spring.application.name found, defaulting to 'application'
2019-12-02 12:00:25.946  WARN 40472 --- [main] c.n.c.sources.URLConfigurationSource     : No URLs will be polled as dynamic configuration sources.
2019-12-02 12:00:25.946  INFO 40472 --- [main] c.n.c.sources.URLConfigurationSource     : To enable URLs as dynamic configuration sources, define System property archaius.configurationSource.additionalUrls or make config.properties available on classpath.
2019-12-02 12:00:25.950  WARN 40472 --- [main] c.n.c.sources.URLConfigurationSource     : No URLs will be polled as dynamic configuration sources.
2019-12-02 12:00:25.950  INFO 40472 --- [main] c.n.c.sources.URLConfigurationSource     : To enable URLs as dynamic configuration sources, define System property archaius.configurationSource.additionalUrls or make config.properties available on classpath.
2019-12-02 12:00:26.093  INFO 40472 --- [main] s.w.s.m.m.a.RequestMappingHandlerAdapter : Looking for @ControllerAdvice: org.springframework.boot.context.embedded.AnnotationConfigEmbeddedWebApplicationContext@340b9973: startup date [Mon Dec 02 12:00:24 CST 2019]; parent: org.springframework.context.annotation.AnnotationConfigApplicationContext@5af3afd9
2019-12-02 12:00:26.150  INFO 40472 --- [main] s.w.s.m.m.a.RequestMappingHandlerMapping : Mapped "{[/error]}" onto public org.springframework.http.ResponseEntity<java.util.Map<java.lang.String, java.lang.Object>> org.springframework.boot.autoconfigure.web.BasicErrorController.error(javax.servlet.http.HttpServletRequest)
2019-12-02 12:00:26.151  INFO 40472 --- [main] s.w.s.m.m.a.RequestMappingHandlerMapping : Mapped "{[/error],produces=[text/html]}" onto public org.springframework.web.servlet.ModelAndView org.springframework.boot.autoconfigure.web.BasicErrorController.errorHtml(javax.servlet.http.HttpServletRequest,javax.servlet.http.HttpServletResponse)
2019-12-02 12:00:26.156  INFO 40472 --- [main] s.w.s.m.m.a.RequestMappingHandlerMapping : Mapped "{[/],methods=[GET]}" onto public java.lang.String org.springframework.cloud.netflix.eureka.server.EurekaController.status(javax.servlet.http.HttpServletRequest,java.util.Map<java.lang.String, java.lang.Object>)
2019-12-02 12:00:26.156  INFO 40472 --- [main] s.w.s.m.m.a.RequestMappingHandlerMapping : Mapped "{[/lastn],methods=[GET]}" onto public java.lang.String org.springframework.cloud.netflix.eureka.server.EurekaController.lastn(javax.servlet.http.HttpServletRequest,java.util.Map<java.lang.String, java.lang.Object>)
2019-12-02 12:00:26.181  INFO 40472 --- [main] o.s.w.s.handler.SimpleUrlHandlerMapping  : Mapped URL path [/webjars/**] onto handler of type [class org.springframework.web.servlet.resource.ResourceHttpRequestHandler]
2019-12-02 12:00:26.182  INFO 40472 --- [main] o.s.w.s.handler.SimpleUrlHandlerMapping  : Mapped URL path [/**] onto handler of type [class org.springframework.web.servlet.resource.ResourceHttpRequestHandler]
2019-12-02 12:00:26.216  INFO 40472 --- [main] o.s.w.s.handler.SimpleUrlHandlerMapping  : Mapped URL path [/**/favicon.ico] onto handler of type [class org.springframework.web.servlet.resource.ResourceHttpRequestHandler]
2019-12-02 12:00:26.554  INFO 40472 --- [main] o.s.b.a.e.mvc.EndpointHandlerMapping     : Mapped "{[/refresh || /refresh.json],methods=[POST]}" onto public java.lang.Object org.springframework.cloud.endpoint.GenericPostableMvcEndpoint.invoke()
2019-12-02 12:00:26.554  INFO 40472 --- [main] o.s.b.a.e.mvc.EndpointHandlerMapping     : Mapped "{[/features || /features.json],methods=[GET],produces=[application/vnd.spring-boot.actuator.v1+json || application/json]}" onto public java.lang.Object org.springframework.boot.actuate.endpoint.mvc.EndpointMvcAdapter.invoke()
2019-12-02 12:00:26.555  INFO 40472 --- [main] o.s.b.a.e.mvc.EndpointHandlerMapping     : Mapped "{[/pause || /pause.json],methods=[POST]}" onto public java.lang.Object org.springframework.cloud.endpoint.GenericPostableMvcEndpoint.invoke()
2019-12-02 12:00:26.555  INFO 40472 --- [main] o.s.b.a.e.mvc.EndpointHandlerMapping     : Mapped "{[/beans || /beans.json],methods=[GET],produces=[application/vnd.spring-boot.actuator.v1+json || application/json]}" onto public java.lang.Object org.springframework.boot.actuate.endpoint.mvc.EndpointMvcAdapter.invoke()
2019-12-02 12:00:26.556  INFO 40472 --- [main] o.s.b.a.e.mvc.EndpointHandlerMapping     : Mapped "{[/restart || /restart.json],methods=[POST]}" onto public java.lang.Object org.springframework.cloud.context.restart.RestartMvcEndpoint.invoke()
2019-12-02 12:00:26.556  INFO 40472 --- [main] o.s.b.a.e.mvc.EndpointHandlerMapping     : Mapped "{[/info || /info.json],methods=[GET],produces=[application/vnd.spring-boot.actuator.v1+json || application/json]}" onto public java.lang.Object org.springframework.boot.actuate.endpoint.mvc.EndpointMvcAdapter.invoke()
2019-12-02 12:00:26.556  INFO 40472 --- [main] o.s.b.a.e.mvc.EndpointHandlerMapping     : Mapped "{[/trace || /trace.json],methods=[GET],produces=[application/vnd.spring-boot.actuator.v1+json || application/json]}" onto public java.lang.Object org.springframework.boot.actuate.endpoint.mvc.EndpointMvcAdapter.invoke()
2019-12-02 12:00:26.557  INFO 40472 --- [main] o.s.b.a.e.mvc.EndpointHandlerMapping     : Mapped "{[/autoconfig || /autoconfig.json],methods=[GET],produces=[application/vnd.spring-boot.actuator.v1+json || application/json]}" onto public java.lang.Object org.springframework.boot.actuate.endpoint.mvc.EndpointMvcAdapter.invoke()
2019-12-02 12:00:26.558  INFO 40472 --- [main] o.s.b.a.e.mvc.EndpointHandlerMapping     : Mapped "{[/resume || /resume.json],methods=[POST]}" onto public java.lang.Object org.springframework.cloud.endpoint.GenericPostableMvcEndpoint.invoke()
2019-12-02 12:00:26.559  INFO 40472 --- [main] o.s.b.a.e.mvc.EndpointHandlerMapping     : Mapped "{[/metrics/{name:.*}],methods=[GET],produces=[application/vnd.spring-boot.actuator.v1+json || application/json]}" onto public java.lang.Object org.springframework.boot.actuate.endpoint.mvc.MetricsMvcEndpoint.value(java.lang.String)
2019-12-02 12:00:26.560  INFO 40472 --- [main] o.s.b.a.e.mvc.EndpointHandlerMapping     : Mapped "{[/metrics || /metrics.json],methods=[GET],produces=[application/vnd.spring-boot.actuator.v1+json || application/json]}" onto public java.lang.Object org.springframework.boot.actuate.endpoint.mvc.EndpointMvcAdapter.invoke()
2019-12-02 12:00:26.560  INFO 40472 --- [main] o.s.b.a.e.mvc.EndpointHandlerMapping     : Mapped "{[/service-registry/instance-status],methods=[GET]}" onto public org.springframework.http.ResponseEntity org.springframework.cloud.client.serviceregistry.endpoint.ServiceRegistryEndpoint.getStatus()
2019-12-02 12:00:26.560  INFO 40472 --- [main] o.s.b.a.e.mvc.EndpointHandlerMapping     : Mapped "{[/service-registry/instance-status],methods=[POST]}" onto public org.springframework.http.ResponseEntity<?> org.springframework.cloud.client.serviceregistry.endpoint.ServiceRegistryEndpoint.setStatus(java.lang.String)
2019-12-02 12:00:26.561  INFO 40472 --- [main] o.s.b.a.e.mvc.EndpointHandlerMapping     : Mapped "{[/env/{name:.*}],methods=[GET],produces=[application/vnd.spring-boot.actuator.v1+json || application/json]}" onto public java.lang.Object org.springframework.boot.actuate.endpoint.mvc.EnvironmentMvcEndpoint.value(java.lang.String)
2019-12-02 12:00:26.561  INFO 40472 --- [main] o.s.b.a.e.mvc.EndpointHandlerMapping     : Mapped "{[/env || /env.json],methods=[GET],produces=[application/vnd.spring-boot.actuator.v1+json || application/json]}" onto public java.lang.Object org.springframework.boot.actuate.endpoint.mvc.EndpointMvcAdapter.invoke()
2019-12-02 12:00:26.561  INFO 40472 --- [main] o.s.b.a.e.mvc.EndpointHandlerMapping     : Mapped "{[/health || /health.json],methods=[GET],produces=[application/vnd.spring-boot.actuator.v1+json || application/json]}" onto public java.lang.Object org.springframework.boot.actuate.endpoint.mvc.HealthMvcEndpoint.invoke(javax.servlet.http.HttpServletRequest,java.security.Principal)
2019-12-02 12:00:26.562  INFO 40472 --- [main] o.s.b.a.e.mvc.EndpointHandlerMapping     : Mapped "{[/auditevents || /auditevents.json],methods=[GET],produces=[application/vnd.spring-boot.actuator.v1+json || application/json]}" onto public org.springframework.http.ResponseEntity<?> org.springframework.boot.actuate.endpoint.mvc.AuditEventsMvcEndpoint.findByPrincipalAndAfterAndType(java.lang.String,java.util.Date,java.lang.String)
2019-12-02 12:00:26.562  INFO 40472 --- [main] o.s.b.a.e.mvc.EndpointHandlerMapping     : Mapped "{[/mappings || /mappings.json],methods=[GET],produces=[application/vnd.spring-boot.actuator.v1+json || application/json]}" onto public java.lang.Object org.springframework.boot.actuate.endpoint.mvc.EndpointMvcAdapter.invoke()
2019-12-02 12:00:26.563  INFO 40472 --- [main] o.s.b.a.e.mvc.EndpointHandlerMapping     : Mapped "{[/env],methods=[POST]}" onto public java.lang.Object org.springframework.cloud.context.environment.EnvironmentManagerMvcEndpoint.value(java.util.Map<java.lang.String, java.lang.String>)
2019-12-02 12:00:26.563  INFO 40472 --- [main] o.s.b.a.e.mvc.EndpointHandlerMapping     : Mapped "{[/env/reset],methods=[POST]}" onto public java.util.Map<java.lang.String, java.lang.Object> org.springframework.cloud.context.environment.EnvironmentManagerMvcEndpoint.reset()
2019-12-02 12:00:26.563  INFO 40472 --- [main] o.s.b.a.e.mvc.EndpointHandlerMapping     : Mapped "{[/configprops || /configprops.json],methods=[GET],produces=[application/vnd.spring-boot.actuator.v1+json || application/json]}" onto public java.lang.Object org.springframework.boot.actuate.endpoint.mvc.EndpointMvcAdapter.invoke()
2019-12-02 12:00:26.563  INFO 40472 --- [main] o.s.b.a.e.mvc.EndpointHandlerMapping     : Mapped "{[/archaius || /archaius.json],methods=[GET],produces=[application/vnd.spring-boot.actuator.v1+json || application/json]}" onto public java.lang.Object org.springframework.boot.actuate.endpoint.mvc.EndpointMvcAdapter.invoke()
2019-12-02 12:00:26.564  INFO 40472 --- [main] o.s.b.a.e.mvc.EndpointHandlerMapping     : Mapped "{[/heapdump || /heapdump.json],methods=[GET],produces=[application/octet-stream]}" onto public void org.springframework.boot.actuate.endpoint.mvc.HeapdumpMvcEndpoint.invoke(boolean,javax.servlet.http.HttpServletRequest,javax.servlet.http.HttpServletResponse) throws java.io.IOException,javax.servlet.ServletException
2019-12-02 12:00:26.564  INFO 40472 --- [main] o.s.b.a.e.mvc.EndpointHandlerMapping     : Mapped "{[/logfile || /logfile.json],methods=[GET || HEAD]}" onto public void org.springframework.boot.actuate.endpoint.mvc.LogFileMvcEndpoint.invoke(javax.servlet.http.HttpServletRequest,javax.servlet.http.HttpServletResponse) throws javax.servlet.ServletException,java.io.IOException
2019-12-02 12:00:26.565  INFO 40472 --- [main] o.s.b.a.e.mvc.EndpointHandlerMapping     : Mapped "{[/dump || /dump.json],methods=[GET],produces=[application/vnd.spring-boot.actuator.v1+json || application/json]}" onto public java.lang.Object org.springframework.boot.actuate.endpoint.mvc.EndpointMvcAdapter.invoke()
2019-12-02 12:00:26.565  INFO 40472 --- [main] o.s.b.a.e.mvc.EndpointHandlerMapping     : Mapped "{[/loggers/{name:.*}],methods=[GET],produces=[application/vnd.spring-boot.actuator.v1+json || application/json]}" onto public java.lang.Object org.springframework.boot.actuate.endpoint.mvc.LoggersMvcEndpoint.get(java.lang.String)
2019-12-02 12:00:26.566  INFO 40472 --- [main] o.s.b.a.e.mvc.EndpointHandlerMapping     : Mapped "{[/loggers/{name:.*}],methods=[POST],consumes=[application/vnd.spring-boot.actuator.v1+json || application/json],produces=[application/vnd.spring-boot.actuator.v1+json || application/json]}" onto public java.lang.Object org.springframework.boot.actuate.endpoint.mvc.LoggersMvcEndpoint.set(java.lang.String,java.util.Map<java.lang.String, java.lang.String>)
2019-12-02 12:00:26.566  INFO 40472 --- [main] o.s.b.a.e.mvc.EndpointHandlerMapping     : Mapped "{[/loggers || /loggers.json],methods=[GET],produces=[application/vnd.spring-boot.actuator.v1+json || application/json]}" onto public java.lang.Object org.springframework.boot.actuate.endpoint.mvc.EndpointMvcAdapter.invoke()
2019-12-02 12:00:26.622  INFO 40472 --- [main] o.s.ui.freemarker.SpringTemplateLoader   : SpringTemplateLoader for FreeMarker: using resource loader [org.springframework.boot.context.embedded.AnnotationConfigEmbeddedWebApplicationContext@340b9973: startup date [Mon Dec 02 12:00:24 CST 2019]; parent: org.springframework.context.annotation.AnnotationConfigApplicationContext@5af3afd9] and template loader path [classpath:/templates/]
2019-12-02 12:00:26.623  INFO 40472 --- [main] o.s.w.s.v.f.FreeMarkerConfigurer         : ClassTemplateLoader for Spring macros added to FreeMarker configuration
2019-12-02 12:00:26.698  INFO 40472 --- [main] o.s.c.n.eureka.InstanceInfoFactory       : Setting initial instance status as: STARTING
2019-12-02 12:00:26.719  INFO 40472 --- [main] com.netflix.discovery.DiscoveryClient    : Initializing Eureka in region us-east-1
2019-12-02 12:00:26.719  INFO 40472 --- [main] com.netflix.discovery.DiscoveryClient    : Client configured to neither register nor query for data.
2019-12-02 12:00:26.722  INFO 40472 --- [main] com.netflix.discovery.DiscoveryClient    : Discovery Client initialized at timestamp 1575259226722 with initial instances count: 0
2019-12-02 12:00:26.758  INFO 40472 --- [main] c.n.eureka.DefaultEurekaServerContext    : Initializing ...
2019-12-02 12:00:26.760  INFO 40472 --- [main] c.n.eureka.cluster.PeerEurekaNodes       : Adding new peer nodes [http://localhost:2000/eureka/]
2019-12-02 12:00:26.953  INFO 40472 --- [main] c.n.d.provider.DiscoveryJerseyProvider   : Using JSON encoding codec LegacyJacksonJson
2019-12-02 12:00:26.953  INFO 40472 --- [main] c.n.d.provider.DiscoveryJerseyProvider   : Using JSON decoding codec LegacyJacksonJson
2019-12-02 12:00:26.953  INFO 40472 --- [main] c.n.d.provider.DiscoveryJerseyProvider   : Using XML encoding codec XStreamXml
2019-12-02 12:00:26.953  INFO 40472 --- [main] c.n.d.provider.DiscoveryJerseyProvider   : Using XML decoding codec XStreamXml
2019-12-02 12:00:32.044  INFO 40472 --- [main] c.n.eureka.cluster.PeerEurekaNodes       : Replica node URL:  http://localhost:2000/eureka/
2019-12-02 12:00:32.050  INFO 40472 --- [main] c.n.e.registry.AbstractInstanceRegistry  : Finished initializing remote region registries. All known remote regions: []
2019-12-02 12:00:32.050  INFO 40472 --- [main] c.n.eureka.DefaultEurekaServerContext    : Initialized
2019-12-02 12:00:32.120  INFO 40472 --- [main] o.s.j.e.a.AnnotationMBeanExporter        : Registering beans for JMX exposure on startup
2019-12-02 12:00:32.128  INFO 40472 --- [main] o.s.j.e.a.AnnotationMBeanExporter        : Bean with name 'environmentManager' has been autodetected for JMX exposure
2019-12-02 12:00:32.129  INFO 40472 --- [main] o.s.j.e.a.AnnotationMBeanExporter        : Bean with name 'configurationPropertiesRebinder' has been autodetected for JMX exposure
2019-12-02 12:00:32.130  INFO 40472 --- [main] o.s.j.e.a.AnnotationMBeanExporter        : Bean with name 'refreshEndpoint' has been autodetected for JMX exposure
2019-12-02 12:00:32.130  INFO 40472 --- [main] o.s.j.e.a.AnnotationMBeanExporter        : Bean with name 'restartEndpoint' has been autodetected for JMX exposure
2019-12-02 12:00:32.131  INFO 40472 --- [main] o.s.j.e.a.AnnotationMBeanExporter        : Bean with name 'serviceRegistryEndpoint' has been autodetected for JMX exposure
2019-12-02 12:00:32.131  INFO 40472 --- [main] o.s.j.e.a.AnnotationMBeanExporter        : Bean with name 'refreshScope' has been autodetected for JMX exposure
2019-12-02 12:00:32.133  INFO 40472 --- [main] o.s.j.e.a.AnnotationMBeanExporter        : Located managed bean 'environmentManager': registering with JMX server as MBean [org.springframework.cloud.context.environment:name=environmentManager,type=EnvironmentManager]
2019-12-02 12:00:32.146  INFO 40472 --- [main] o.s.j.e.a.AnnotationMBeanExporter        : Located managed bean 'restartEndpoint': registering with JMX server as MBean [org.springframework.cloud.context.restart:name=restartEndpoint,type=RestartEndpoint]
2019-12-02 12:00:32.154  INFO 40472 --- [main] o.s.j.e.a.AnnotationMBeanExporter        : Located managed bean 'serviceRegistryEndpoint': registering with JMX server as MBean [org.springframework.cloud.client.serviceregistry.endpoint:name=serviceRegistryEndpoint,type=ServiceRegistryEndpoint]
2019-12-02 12:00:32.159  INFO 40472 --- [main] o.s.j.e.a.AnnotationMBeanExporter        : Located managed bean 'refreshScope': registering with JMX server as MBean [org.springframework.cloud.context.scope.refresh:name=refreshScope,type=RefreshScope]
2019-12-02 12:00:32.167  INFO 40472 --- [main] o.s.j.e.a.AnnotationMBeanExporter        : Located managed bean 'configurationPropertiesRebinder': registering with JMX server as MBean [org.springframework.cloud.context.properties:name=configurationPropertiesRebinder,context=340b9973,type=ConfigurationPropertiesRebinder]
2019-12-02 12:00:32.170  INFO 40472 --- [main] o.s.j.e.a.AnnotationMBeanExporter        : Located managed bean 'refreshEndpoint': registering with JMX server as MBean [org.springframework.cloud.endpoint:name=refreshEndpoint,type=RefreshEndpoint]
2019-12-02 12:00:32.357  INFO 40472 --- [main] o.s.c.support.DefaultLifecycleProcessor  : Starting beans in phase 0
2019-12-02 12:00:32.357  INFO 40472 --- [main] o.s.c.n.e.s.EurekaServiceRegistry        : Registering application unknown with eureka with status UP
2019-12-02 12:00:32.383  INFO 40472 --- [Thread-49] o.s.c.n.e.server.EurekaServerBootstrap   : Setting the eureka configuration..
2019-12-02 12:00:32.384  INFO 40472 --- [Thread-49] o.s.c.n.e.server.EurekaServerBootstrap   : Eureka data center value eureka.datacenter is not set, defaulting to default
2019-12-02 12:00:32.384  INFO 40472 --- [Thread-49] o.s.c.n.e.server.EurekaServerBootstrap   : Eureka environment value eureka.environment is not set, defaulting to test
2019-12-02 12:00:32.391  INFO 40472 --- [Thread-49] o.s.c.n.e.server.EurekaServerBootstrap   : isAws returned false
2019-12-02 12:00:32.391  INFO 40472 --- [Thread-49] o.s.c.n.e.server.EurekaServerBootstrap   : Initialized server context
2019-12-02 12:00:32.391  INFO 40472 --- [Thread-49] c.n.e.r.PeerAwareInstanceRegistryImpl    : Got 1 instances from neighboring DS node
2019-12-02 12:00:32.391  INFO 40472 --- [Thread-49] c.n.e.r.PeerAwareInstanceRegistryImpl    : Renew threshold is: 1
2019-12-02 12:00:32.391  INFO 40472 --- [Thread-49] c.n.e.r.PeerAwareInstanceRegistryImpl    : Changing status to UP
2019-12-02 12:00:32.395  INFO 40472 --- [Thread-49] e.s.EurekaServerInitializerConfiguration : Started Eureka Server
2019-12-02 12:00:32.439  INFO 40472 --- [main] s.b.c.e.t.TomcatEmbeddedServletContainer : Tomcat started on port(s): 2000 (http)
2019-12-02 12:00:32.440  INFO 40472 --- [main] .s.c.n.e.s.EurekaAutoServiceRegistration : Updating port to 2000
2019-12-02 12:00:32.443  INFO 40472 --- [main] o.h.server.HeimdallServerApplication     : Started HeimdallServerApplication in 19.173 seconds (JVM running for 24.711)
2019-12-02 12:00:33.032  INFO 40472 --- [RMI TCP Connection(3)-192.168.28.54] c.c.c.ConfigServicePropertySourceLocator : Fetching config from server at: http://localhost:8888
2019-12-02 12:00:33.039  WARN 40472 --- [RMI TCP Connection(3)-192.168.28.54] c.c.c.ConfigServicePropertySourceLocator : Could not locate PropertySource: I/O error on GET request for "http://localhost:8888/application/default": Connection refused (Connection refused); nested exception is java.net.ConnectException: Connection refused (Connection refused)
2019-12-02 12:00:39.116  INFO 40472 --- [http-nio-2000-exec-4] o.a.c.c.C.[Tomcat].[localhost].[/]       : Initializing Spring FrameworkServlet 'dispatcherServlet'
2019-12-02 12:00:39.116  INFO 40472 --- [http-nio-2000-exec-4] o.s.web.servlet.DispatcherServlet        : FrameworkServlet 'dispatcherServlet': initialization started
2019-12-02 12:00:39.128  INFO 40472 --- [http-nio-2000-exec-4] o.s.web.servlet.DispatcherServlet        : FrameworkServlet 'dispatcherServlet': initialization completed in 11 ms
2019-12-02 12:52:01.116  INFO 40472 --- [Eureka-EvictionTimer] c.n.e.registry.AbstractInstanceRegistry  : Running the evict task with compensationTime 0ms
2019-12-02 12:52:17.243  INFO 40472 --- [http-nio-2000-exec-10] c.n.e.registry.AbstractInstanceRegistry  : Registered instance HEIMDALL-CONFIG/192.168.28.54:heimdall-config:2020 with status UP (replication=false)
2019-12-02 12:52:17.815  INFO 40472 --- [http-nio-2000-exec-3] c.n.e.registry.AbstractInstanceRegistry  : Registered instance HEIMDALL-CONFIG/192.168.28.54:heimdall-config:2020 with status UP (replication=true)
2019-12-02 12:52:59.878  INFO 40472 --- [http-nio-2000-exec-10] c.n.e.registry.AbstractInstanceRegistry  : Registered instance HEIMDALL-GATEWAY/192.168.28.54:heimdall-gateway:3020 with status UP (replication=false)
2019-12-02 12:53:00.388  INFO 40472 --- [http-nio-2000-exec-3] c.n.e.registry.AbstractInstanceRegistry  : Registered instance HEIMDALL-GATEWAY/192.168.28.54:heimdall-gateway:3020 with status UP (replication=true)
2019-12-02 12:53:01.116  INFO 40472 --- [Eureka-EvictionTimer] c.n.e.registry.AbstractInstanceRegistry  : Running the evict task with compensationTime 0ms
2019-12-02 12:54:01.120  INFO 40472 --- [Eureka-EvictionTimer] c.n.e.registry.AbstractInstanceRegistry  : Running the evict task with compensationTime 4ms
2019-12-02 12:55:01.122  INFO 40472 --- [Eureka-EvictionTimer] c.n.e.registry.AbstractInstanceRegistry  : Running the evict task with compensationTime 1ms
2019-12-02 12:56:01.121  INFO 40472 --- [Eureka-EvictionTimer] c.n.e.registry.AbstractInstanceRegistry  : Running the evict task with compensationTime 0ms
2019-12-02 12:57:01.122  INFO 40472 --- [Eureka-EvictionTimer] c.n.e.registry.AbstractInstanceRegistry  : Running the evict task with compensationTime 0ms
2019-12-02 12:58:01.125  INFO 40472 --- [Eureka-EvictionTimer] c.n.e.registry.AbstractInstanceRegistry  : Running the evict task with compensationTime 3ms
2019-12-02 12:59:01.125  INFO 40472 --- [Eureka-EvictionTimer] c.n.e.registry.AbstractInstanceRegistry  : Running the evict task with compensationTime 0ms
2019-12-02 12:59:57.928  INFO 40472 --- [http-nio-2000-exec-5] c.n.e.registry.AbstractInstanceRegistry  : Registered instance HEIMDALL-SERVICE/192.168.28.54:heimdall-service:3000 with status UP (replication=false)
2019-12-02 12:59:58.438  INFO 40472 --- [http-nio-2000-exec-9] c.n.e.registry.AbstractInstanceRegistry  : Registered instance HEIMDALL-SERVICE/192.168.28.54:heimdall-service:3000 with status UP (replication=true)
2019-12-02 13:00:01.129  INFO 40472 --- [Eureka-EvictionTimer] c.n.e.registry.AbstractInstanceRegistry  : Running the evict task with compensationTime 3ms
2019-12-02 13:01:01.130  INFO 40472 --- [Eureka-EvictionTimer] c.n.e.registry.AbstractInstanceRegistry  : Running the evict task with compensationTime 1ms
2019-12-02 13:01:02.794  INFO 40472 --- [http-nio-2000-exec-4] c.n.e.registry.AbstractInstanceRegistry  : Registered instance HEIMDALL-WEB/192.168.28.54:heimdall-web:3010 with status UP (replication=false)
2019-12-02 13:01:03.301  INFO 40472 --- [http-nio-2000-exec-7] c.n.e.registry.AbstractInstanceRegistry  : Registered instance HEIMDALL-WEB/192.168.28.54:heimdall-web:3010 with status UP (replication=true)
2019-12-02 13:02:01.132  INFO 40472 --- [Eureka-EvictionTimer] c.n.e.registry.AbstractInstanceRegistry  : Running the evict task with compensationTime 2ms
2019-12-02 13:03:01.137  INFO 40472 --- [Eureka-EvictionTimer] c.n.e.registry.AbstractInstanceRegistry  : Running the evict task with compensationTime 4ms
2019-12-02 13:04:01.142  INFO 40472 --- [Eureka-EvictionTimer] c.n.e.registry.AbstractInstanceRegistry  : Running the evict task with compensationTime 4ms
2019-12-02 13:05:01.145  INFO 40472 --- [Eureka-EvictionTimer] c.n.e.registry.AbstractInstanceRegistry  : Running the evict task with compensationTime 3ms
2019-12-02 13:05:37.168  INFO 40472 --- [http-nio-2000-exec-7] c.n.e.registry.AbstractInstanceRegistry  : Registered instance HEIMDALL-WEB/192.168.28.54:heimdall-web:3010 with status DOWN (replication=false)
2019-12-02 13:05:37.170  INFO 40472 --- [http-nio-2000-exec-5] c.n.e.registry.AbstractInstanceRegistry  : Cancelled instance HEIMDALL-WEB/192.168.28.54:heimdall-web:3010 (replication=false)
2019-12-02 13:05:37.679  INFO 40472 --- [http-nio-2000-exec-10] c.n.e.registry.AbstractInstanceRegistry  : Registered instance HEIMDALL-WEB/192.168.28.54:heimdall-web:3010 with status DOWN (replication=true)
2019-12-02 13:05:37.680  INFO 40472 --- [http-nio-2000-exec-10] c.n.e.registry.AbstractInstanceRegistry  : Cancelled instance HEIMDALL-WEB/192.168.28.54:heimdall-web:3010 (replication=true)
2019-12-02 13:06:00.772  INFO 40472 --- [ReplicaAwareInstanceRegistry - RenewalThresholdUpdater] c.n.e.r.PeerAwareInstanceRegistryImpl    : Current renewal threshold is : 0
2019-12-02 13:06:01.149  INFO 40472 --- [Eureka-EvictionTimer] c.n.e.registry.AbstractInstanceRegistry  : Running the evict task with compensationTime 3ms
2019-12-02 13:06:10.528  INFO 40472 --- [http-nio-2000-exec-6] c.n.e.registry.AbstractInstanceRegistry  : Registered instance HEIMDALL-WEB/192.168.28.54:heimdall-web:3010 with status UP (replication=false)
2019-12-02 13:06:11.041  INFO 40472 --- [http-nio-2000-exec-10] c.n.e.registry.AbstractInstanceRegistry  : Registered instance HEIMDALL-WEB/192.168.28.54:heimdall-web:3010 with status UP (replication=true)
2019-12-02 13:07:01.152  INFO 40472 --- [Eureka-EvictionTimer] c.n.e.registry.AbstractInstanceRegistry  : Running the evict task with compensationTime 3ms
2019-12-02 13:08:01.160  INFO 40472 --- [Eureka-EvictionTimer] c.n.e.registry.AbstractInstanceRegistry  : Running the evict task with compensationTime 2ms
2019-12-02 13:09:01.165  INFO 40472 --- [Eureka-EvictionTimer] c.n.e.registry.AbstractInstanceRegistry  : Running the evict task with compensationTime 4ms
2019-12-02 13:13:24.718  INFO 40472 --- [Eureka-EvictionTimer] c.n.e.registry.AbstractInstanceRegistry  : Running the evict task with compensationTime 4ms
2019-12-02 13:13:24.719  INFO 40472 --- [Eureka-EvictionTimer] c.n.e.registry.AbstractInstanceRegistry  : Evicting 1 items (expired=1, evictionLimit=1)
2019-12-02 13:13:24.719  WARN 40472 --- [Eureka-EvictionTimer] c.n.e.registry.AbstractInstanceRegistry  : DS: Registry: expired lease for HEIMDALL-WEB/192.168.28.54:heimdall-web:3010
2019-12-02 13:13:24.720  INFO 40472 --- [Eureka-EvictionTimer] c.n.e.registry.AbstractInstanceRegistry  : Cancelled instance HEIMDALL-WEB/192.168.28.54:heimdall-web:3010 (replication=false)
2019-12-02 13:14:24.719  INFO 40472 --- [Eureka-EvictionTimer] c.n.e.registry.AbstractInstanceRegistry  : Running the evict task with compensationTime 0ms
2019-12-02 13:14:37.480  INFO 40472 --- [Thread-52] ationConfigEmbeddedWebApplicationContext : Closing org.springframework.boot.context.embedded.AnnotationConfigEmbeddedWebApplicationContext@340b9973: startup date [Mon Dec 02 12:00:24 CST 2019]; parent: org.springframework.context.annotation.AnnotationConfigApplicationContext@5af3afd9
2019-12-02 13:14:37.480  INFO 40472 --- [Thread-52] o.s.c.n.e.s.EurekaServiceRegistry        : Unregistering application unknown with eureka with status DOWN
2019-12-02 13:14:37.481  INFO 40472 --- [Thread-52] com.netflix.discovery.DiscoveryClient    : Shutting down DiscoveryClient ...
2019-12-02 13:14:37.481  INFO 40472 --- [Thread-52] com.netflix.discovery.DiscoveryClient    : Completed shut down of DiscoveryClient
2019-12-02 13:14:37.482  INFO 40472 --- [Thread-52] o.s.c.support.DefaultLifecycleProcessor  : Stopping beans in phase 0
2019-12-02 13:14:37.483  INFO 40472 --- [Thread-52] c.n.eureka.DefaultEurekaServerContext    : Shutting down ...
2019-12-02 13:14:37.485  INFO 40472 --- [Thread-52] c.n.eureka.DefaultEurekaServerContext    : Shut down
2019-12-02 13:14:37.487  INFO 40472 --- [Thread-52] o.s.j.e.a.AnnotationMBeanExporter        : Unregistering JMX-exposed beans on shutdown
2019-12-02 13:14:37.487  INFO 40472 --- [Thread-52] o.s.j.e.a.AnnotationMBeanExporter        : Unregistering JMX-exposed beans
2019-12-02 13:16:36.406  INFO 40587 --- [main] c.c.c.ConfigServicePropertySourceLocator : Fetching config from server at: http://localhost:8888
2019-12-02 13:16:36.466  WARN 40587 --- [main] c.c.c.ConfigServicePropertySourceLocator : Could not locate PropertySource: I/O error on GET request for "http://localhost:8888/application/default": Connection refused (Connection refused); nested exception is java.net.ConnectException: Connection refused (Connection refused)
2019-12-02 13:16:36.467  INFO 40587 --- [main] o.h.server.HeimdallServerApplication     : No active profile set, falling back to default profiles: default
2019-12-02 13:16:36.476  INFO 40587 --- [main] ationConfigEmbeddedWebApplicationContext : Refreshing org.springframework.boot.context.embedded.AnnotationConfigEmbeddedWebApplicationContext@56113384: startup date [Mon Dec 02 13:16:36 CST 2019]; parent: org.springframework.context.annotation.AnnotationConfigApplicationContext@323b36e0
2019-12-02 13:16:36.980  INFO 40587 --- [main] o.s.cloud.context.scope.GenericScope     : BeanFactory id=e622ddb9-b600-3105-9d14-1bdf2ca06943
2019-12-02 13:16:36.990  INFO 40587 --- [main] f.a.AutowiredAnnotationBeanPostProcessor : JSR-330 'javax.inject.Inject' annotation found and supported for autowiring
2019-12-02 13:16:37.026  INFO 40587 --- [main] trationDelegate$BeanPostProcessorChecker : Bean 'org.springframework.cloud.netflix.metrics.MetricsInterceptorConfiguration$MetricsRestTemplateConfiguration' of type [org.springframework.cloud.netflix.metrics.MetricsInterceptorConfiguration$MetricsRestTemplateConfiguration$$EnhancerBySpringCGLIB$$3d696858] is not eligible for getting processed by all BeanPostProcessors (for example: not eligible for auto-proxying)
2019-12-02 13:16:37.032  INFO 40587 --- [main] trationDelegate$BeanPostProcessorChecker : Bean 'org.springframework.cloud.autoconfigure.ConfigurationPropertiesRebinderAutoConfiguration' of type [org.springframework.cloud.autoconfigure.ConfigurationPropertiesRebinderAutoConfiguration$$EnhancerBySpringCGLIB$$2756c514] is not eligible for getting processed by all BeanPostProcessors (for example: not eligible for auto-proxying)
2019-12-02 13:16:37.200  INFO 40587 --- [main] s.b.c.e.t.TomcatEmbeddedServletContainer : Tomcat initialized with port(s): 2000 (http)
2019-12-02 13:16:37.207  INFO 40587 --- [main] o.apache.catalina.core.StandardService   : Starting service [Tomcat]
2019-12-02 13:16:37.208  INFO 40587 --- [main] org.apache.catalina.core.StandardEngine  : Starting Servlet Engine: Apache Tomcat/8.5.16
2019-12-02 13:16:37.287  INFO 40587 --- [localhost-startStop-1] o.a.c.c.C.[Tomcat].[localhost].[/]       : Initializing Spring embedded WebApplicationContext
2019-12-02 13:16:37.288  INFO 40587 --- [localhost-startStop-1] o.s.web.context.ContextLoader            : Root WebApplicationContext: initialization completed in 812 ms
2019-12-02 13:16:37.633  INFO 40587 --- [localhost-startStop-1] o.s.b.w.servlet.FilterRegistrationBean   : Mapping filter: 'metricsFilter' to: [/*]
2019-12-02 13:16:37.633  INFO 40587 --- [localhost-startStop-1] o.s.b.w.servlet.FilterRegistrationBean   : Mapping filter: 'characterEncodingFilter' to: [/*]
2019-12-02 13:16:37.633  INFO 40587 --- [localhost-startStop-1] o.s.b.w.servlet.FilterRegistrationBean   : Mapping filter: 'hiddenHttpMethodFilter' to: [/*]
2019-12-02 13:16:37.633  INFO 40587 --- [localhost-startStop-1] o.s.b.w.servlet.FilterRegistrationBean   : Mapping filter: 'httpPutFormContentFilter' to: [/*]
2019-12-02 13:16:37.634  INFO 40587 --- [localhost-startStop-1] o.s.b.w.servlet.FilterRegistrationBean   : Mapping filter: 'requestContextFilter' to: [/*]
2019-12-02 13:16:37.634  INFO 40587 --- [localhost-startStop-1] o.s.b.w.servlet.FilterRegistrationBean   : Mapping filter: 'webRequestTraceFilter' to: [/*]
2019-12-02 13:16:37.634  INFO 40587 --- [localhost-startStop-1] o.s.b.w.servlet.FilterRegistrationBean   : Mapping filter: 'servletContainer' to urls: [/eureka/*]
2019-12-02 13:16:37.634  INFO 40587 --- [localhost-startStop-1] o.s.b.w.servlet.FilterRegistrationBean   : Mapping filter: 'applicationContextIdFilter' to: [/*]
2019-12-02 13:16:37.634  INFO 40587 --- [localhost-startStop-1] o.s.b.w.servlet.ServletRegistrationBean  : Mapping servlet: 'dispatcherServlet' to [/]
2019-12-02 13:16:37.674  INFO 40587 --- [localhost-startStop-1] c.s.j.s.i.a.WebApplicationImpl           : Initiating Jersey application, version 'Jersey: 1.19.1 03/11/2016 02:08 PM'
2019-12-02 13:16:37.717  INFO 40587 --- [localhost-startStop-1] c.n.d.provider.DiscoveryJerseyProvider   : Using JSON encoding codec LegacyJacksonJson
2019-12-02 13:16:37.718  INFO 40587 --- [localhost-startStop-1] c.n.d.provider.DiscoveryJerseyProvider   : Using JSON decoding codec LegacyJacksonJson
2019-12-02 13:16:37.785  INFO 40587 --- [localhost-startStop-1] c.n.d.provider.DiscoveryJerseyProvider   : Using XML encoding codec XStreamXml
2019-12-02 13:16:37.785  INFO 40587 --- [localhost-startStop-1] c.n.d.provider.DiscoveryJerseyProvider   : Using XML decoding codec XStreamXml
2019-12-02 13:16:38.191  WARN 40587 --- [main] o.s.c.n.a.ArchaiusAutoConfiguration      : No spring.application.name found, defaulting to 'application'
2019-12-02 13:16:38.192  WARN 40587 --- [main] c.n.c.sources.URLConfigurationSource     : No URLs will be polled as dynamic configuration sources.
2019-12-02 13:16:38.192  INFO 40587 --- [main] c.n.c.sources.URLConfigurationSource     : To enable URLs as dynamic configuration sources, define System property archaius.configurationSource.additionalUrls or make config.properties available on classpath.
2019-12-02 13:16:38.195  WARN 40587 --- [main] c.n.c.sources.URLConfigurationSource     : No URLs will be polled as dynamic configuration sources.
2019-12-02 13:16:38.195  INFO 40587 --- [main] c.n.c.sources.URLConfigurationSource     : To enable URLs as dynamic configuration sources, define System property archaius.configurationSource.additionalUrls or make config.properties available on classpath.
2019-12-02 13:16:38.338  INFO 40587 --- [main] s.w.s.m.m.a.RequestMappingHandlerAdapter : Looking for @ControllerAdvice: org.springframework.boot.context.embedded.AnnotationConfigEmbeddedWebApplicationContext@56113384: startup date [Mon Dec 02 13:16:36 CST 2019]; parent: org.springframework.context.annotation.AnnotationConfigApplicationContext@323b36e0
2019-12-02 13:16:38.394  INFO 40587 --- [main] s.w.s.m.m.a.RequestMappingHandlerMapping : Mapped "{[/error]}" onto public org.springframework.http.ResponseEntity<java.util.Map<java.lang.String, java.lang.Object>> org.springframework.boot.autoconfigure.web.BasicErrorController.error(javax.servlet.http.HttpServletRequest)
2019-12-02 13:16:38.395  INFO 40587 --- [main] s.w.s.m.m.a.RequestMappingHandlerMapping : Mapped "{[/error],produces=[text/html]}" onto public org.springframework.web.servlet.ModelAndView org.springframework.boot.autoconfigure.web.BasicErrorController.errorHtml(javax.servlet.http.HttpServletRequest,javax.servlet.http.HttpServletResponse)
2019-12-02 13:16:38.399  INFO 40587 --- [main] s.w.s.m.m.a.RequestMappingHandlerMapping : Mapped "{[/],methods=[GET]}" onto public java.lang.String org.springframework.cloud.netflix.eureka.server.EurekaController.status(javax.servlet.http.HttpServletRequest,java.util.Map<java.lang.String, java.lang.Object>)
2019-12-02 13:16:38.400  INFO 40587 --- [main] s.w.s.m.m.a.RequestMappingHandlerMapping : Mapped "{[/lastn],methods=[GET]}" onto public java.lang.String org.springframework.cloud.netflix.eureka.server.EurekaController.lastn(javax.servlet.http.HttpServletRequest,java.util.Map<java.lang.String, java.lang.Object>)
2019-12-02 13:16:38.426  INFO 40587 --- [main] o.s.w.s.handler.SimpleUrlHandlerMapping  : Mapped URL path [/webjars/**] onto handler of type [class org.springframework.web.servlet.resource.ResourceHttpRequestHandler]
2019-12-02 13:16:38.426  INFO 40587 --- [main] o.s.w.s.handler.SimpleUrlHandlerMapping  : Mapped URL path [/**] onto handler of type [class org.springframework.web.servlet.resource.ResourceHttpRequestHandler]
2019-12-02 13:16:38.460  INFO 40587 --- [main] o.s.w.s.handler.SimpleUrlHandlerMapping  : Mapped URL path [/**/favicon.ico] onto handler of type [class org.springframework.web.servlet.resource.ResourceHttpRequestHandler]
2019-12-02 13:16:38.791  INFO 40587 --- [main] o.s.b.a.e.mvc.EndpointHandlerMapping     : Mapped "{[/env],methods=[POST]}" onto public java.lang.Object org.springframework.cloud.context.environment.EnvironmentManagerMvcEndpoint.value(java.util.Map<java.lang.String, java.lang.String>)
2019-12-02 13:16:38.791  INFO 40587 --- [main] o.s.b.a.e.mvc.EndpointHandlerMapping     : Mapped "{[/env/reset],methods=[POST]}" onto public java.util.Map<java.lang.String, java.lang.Object> org.springframework.cloud.context.environment.EnvironmentManagerMvcEndpoint.reset()
2019-12-02 13:16:38.792  INFO 40587 --- [main] o.s.b.a.e.mvc.EndpointHandlerMapping     : Mapped "{[/archaius || /archaius.json],methods=[GET],produces=[application/vnd.spring-boot.actuator.v1+json || application/json]}" onto public java.lang.Object org.springframework.boot.actuate.endpoint.mvc.EndpointMvcAdapter.invoke()
2019-12-02 13:16:38.792  INFO 40587 --- [main] o.s.b.a.e.mvc.EndpointHandlerMapping     : Mapped "{[/mappings || /mappings.json],methods=[GET],produces=[application/vnd.spring-boot.actuator.v1+json || application/json]}" onto public java.lang.Object org.springframework.boot.actuate.endpoint.mvc.EndpointMvcAdapter.invoke()
2019-12-02 13:16:38.793  INFO 40587 --- [main] o.s.b.a.e.mvc.EndpointHandlerMapping     : Mapped "{[/env/{name:.*}],methods=[GET],produces=[application/vnd.spring-boot.actuator.v1+json || application/json]}" onto public java.lang.Object org.springframework.boot.actuate.endpoint.mvc.EnvironmentMvcEndpoint.value(java.lang.String)
2019-12-02 13:16:38.793  INFO 40587 --- [main] o.s.b.a.e.mvc.EndpointHandlerMapping     : Mapped "{[/env || /env.json],methods=[GET],produces=[application/vnd.spring-boot.actuator.v1+json || application/json]}" onto public java.lang.Object org.springframework.boot.actuate.endpoint.mvc.EndpointMvcAdapter.invoke()
2019-12-02 13:16:38.794  INFO 40587 --- [main] o.s.b.a.e.mvc.EndpointHandlerMapping     : Mapped "{[/restart || /restart.json],methods=[POST]}" onto public java.lang.Object org.springframework.cloud.context.restart.RestartMvcEndpoint.invoke()
2019-12-02 13:16:38.794  INFO 40587 --- [main] o.s.b.a.e.mvc.EndpointHandlerMapping     : Mapped "{[/beans || /beans.json],methods=[GET],produces=[application/vnd.spring-boot.actuator.v1+json || application/json]}" onto public java.lang.Object org.springframework.boot.actuate.endpoint.mvc.EndpointMvcAdapter.invoke()
2019-12-02 13:16:38.794  INFO 40587 --- [main] o.s.b.a.e.mvc.EndpointHandlerMapping     : Mapped "{[/info || /info.json],methods=[GET],produces=[application/vnd.spring-boot.actuator.v1+json || application/json]}" onto public java.lang.Object org.springframework.boot.actuate.endpoint.mvc.EndpointMvcAdapter.invoke()
2019-12-02 13:16:38.795  INFO 40587 --- [main] o.s.b.a.e.mvc.EndpointHandlerMapping     : Mapped "{[/dump || /dump.json],methods=[GET],produces=[application/vnd.spring-boot.actuator.v1+json || application/json]}" onto public java.lang.Object org.springframework.boot.actuate.endpoint.mvc.EndpointMvcAdapter.invoke()
2019-12-02 13:16:38.796  INFO 40587 --- [main] o.s.b.a.e.mvc.EndpointHandlerMapping     : Mapped "{[/health || /health.json],methods=[GET],produces=[application/vnd.spring-boot.actuator.v1+json || application/json]}" onto public java.lang.Object org.springframework.boot.actuate.endpoint.mvc.HealthMvcEndpoint.invoke(javax.servlet.http.HttpServletRequest,java.security.Principal)
2019-12-02 13:16:38.796  INFO 40587 --- [main] o.s.b.a.e.mvc.EndpointHandlerMapping     : Mapped "{[/auditevents || /auditevents.json],methods=[GET],produces=[application/vnd.spring-boot.actuator.v1+json || application/json]}" onto public org.springframework.http.ResponseEntity<?> org.springframework.boot.actuate.endpoint.mvc.AuditEventsMvcEndpoint.findByPrincipalAndAfterAndType(java.lang.String,java.util.Date,java.lang.String)
2019-12-02 13:16:38.797  INFO 40587 --- [main] o.s.b.a.e.mvc.EndpointHandlerMapping     : Mapped "{[/loggers/{name:.*}],methods=[GET],produces=[application/vnd.spring-boot.actuator.v1+json || application/json]}" onto public java.lang.Object org.springframework.boot.actuate.endpoint.mvc.LoggersMvcEndpoint.get(java.lang.String)
2019-12-02 13:16:38.798  INFO 40587 --- [main] o.s.b.a.e.mvc.EndpointHandlerMapping     : Mapped "{[/loggers/{name:.*}],methods=[POST],consumes=[application/vnd.spring-boot.actuator.v1+json || application/json],produces=[application/vnd.spring-boot.actuator.v1+json || application/json]}" onto public java.lang.Object org.springframework.boot.actuate.endpoint.mvc.LoggersMvcEndpoint.set(java.lang.String,java.util.Map<java.lang.String, java.lang.String>)
2019-12-02 13:16:38.798  INFO 40587 --- [main] o.s.b.a.e.mvc.EndpointHandlerMapping     : Mapped "{[/loggers || /loggers.json],methods=[GET],produces=[application/vnd.spring-boot.actuator.v1+json || application/json]}" onto public java.lang.Object org.springframework.boot.actuate.endpoint.mvc.EndpointMvcAdapter.invoke()
2019-12-02 13:16:38.798  INFO 40587 --- [main] o.s.b.a.e.mvc.EndpointHandlerMapping     : Mapped "{[/features || /features.json],methods=[GET],produces=[application/vnd.spring-boot.actuator.v1+json || application/json]}" onto public java.lang.Object org.springframework.boot.actuate.endpoint.mvc.EndpointMvcAdapter.invoke()
2019-12-02 13:16:38.799  INFO 40587 --- [main] o.s.b.a.e.mvc.EndpointHandlerMapping     : Mapped "{[/metrics/{name:.*}],methods=[GET],produces=[application/vnd.spring-boot.actuator.v1+json || application/json]}" onto public java.lang.Object org.springframework.boot.actuate.endpoint.mvc.MetricsMvcEndpoint.value(java.lang.String)
2019-12-02 13:16:38.799  INFO 40587 --- [main] o.s.b.a.e.mvc.EndpointHandlerMapping     : Mapped "{[/metrics || /metrics.json],methods=[GET],produces=[application/vnd.spring-boot.actuator.v1+json || application/json]}" onto public java.lang.Object org.springframework.boot.actuate.endpoint.mvc.EndpointMvcAdapter.invoke()
2019-12-02 13:16:38.799  INFO 40587 --- [main] o.s.b.a.e.mvc.EndpointHandlerMapping     : Mapped "{[/autoconfig || /autoconfig.json],methods=[GET],produces=[application/vnd.spring-boot.actuator.v1+json || application/json]}" onto public java.lang.Object org.springframework.boot.actuate.endpoint.mvc.EndpointMvcAdapter.invoke()
2019-12-02 13:16:38.800  INFO 40587 --- [main] o.s.b.a.e.mvc.EndpointHandlerMapping     : Mapped "{[/logfile || /logfile.json],methods=[GET || HEAD]}" onto public void org.springframework.boot.actuate.endpoint.mvc.LogFileMvcEndpoint.invoke(javax.servlet.http.HttpServletRequest,javax.servlet.http.HttpServletResponse) throws javax.servlet.ServletException,java.io.IOException
2019-12-02 13:16:38.800  INFO 40587 --- [main] o.s.b.a.e.mvc.EndpointHandlerMapping     : Mapped "{[/service-registry/instance-status],methods=[GET]}" onto public org.springframework.http.ResponseEntity org.springframework.cloud.client.serviceregistry.endpoint.ServiceRegistryEndpoint.getStatus()
2019-12-02 13:16:38.800  INFO 40587 --- [main] o.s.b.a.e.mvc.EndpointHandlerMapping     : Mapped "{[/service-registry/instance-status],methods=[POST]}" onto public org.springframework.http.ResponseEntity<?> org.springframework.cloud.client.serviceregistry.endpoint.ServiceRegistryEndpoint.setStatus(java.lang.String)
2019-12-02 13:16:38.800  INFO 40587 --- [main] o.s.b.a.e.mvc.EndpointHandlerMapping     : Mapped "{[/configprops || /configprops.json],methods=[GET],produces=[application/vnd.spring-boot.actuator.v1+json || application/json]}" onto public java.lang.Object org.springframework.boot.actuate.endpoint.mvc.EndpointMvcAdapter.invoke()
2019-12-02 13:16:38.801  INFO 40587 --- [main] o.s.b.a.e.mvc.EndpointHandlerMapping     : Mapped "{[/heapdump || /heapdump.json],methods=[GET],produces=[application/octet-stream]}" onto public void org.springframework.boot.actuate.endpoint.mvc.HeapdumpMvcEndpoint.invoke(boolean,javax.servlet.http.HttpServletRequest,javax.servlet.http.HttpServletResponse) throws java.io.IOException,javax.servlet.ServletException
2019-12-02 13:16:38.801  INFO 40587 --- [main] o.s.b.a.e.mvc.EndpointHandlerMapping     : Mapped "{[/trace || /trace.json],methods=[GET],produces=[application/vnd.spring-boot.actuator.v1+json || application/json]}" onto public java.lang.Object org.springframework.boot.actuate.endpoint.mvc.EndpointMvcAdapter.invoke()
2019-12-02 13:16:38.802  INFO 40587 --- [main] o.s.b.a.e.mvc.EndpointHandlerMapping     : Mapped "{[/resume || /resume.json],methods=[POST]}" onto public java.lang.Object org.springframework.cloud.endpoint.GenericPostableMvcEndpoint.invoke()
2019-12-02 13:16:38.802  INFO 40587 --- [main] o.s.b.a.e.mvc.EndpointHandlerMapping     : Mapped "{[/refresh || /refresh.json],methods=[POST]}" onto public java.lang.Object org.springframework.cloud.endpoint.GenericPostableMvcEndpoint.invoke()
2019-12-02 13:16:38.802  INFO 40587 --- [main] o.s.b.a.e.mvc.EndpointHandlerMapping     : Mapped "{[/pause || /pause.json],methods=[POST]}" onto public java.lang.Object org.springframework.cloud.endpoint.GenericPostableMvcEndpoint.invoke()
2019-12-02 13:16:38.854  INFO 40587 --- [main] o.s.ui.freemarker.SpringTemplateLoader   : SpringTemplateLoader for FreeMarker: using resource loader [org.springframework.boot.context.embedded.AnnotationConfigEmbeddedWebApplicationContext@56113384: startup date [Mon Dec 02 13:16:36 CST 2019]; parent: org.springframework.context.annotation.AnnotationConfigApplicationContext@323b36e0] and template loader path [classpath:/templates/]
2019-12-02 13:16:38.855  INFO 40587 --- [main] o.s.w.s.v.f.FreeMarkerConfigurer         : ClassTemplateLoader for Spring macros added to FreeMarker configuration
2019-12-02 13:16:38.929  INFO 40587 --- [main] o.s.c.n.eureka.InstanceInfoFactory       : Setting initial instance status as: STARTING
2019-12-02 13:16:38.950  INFO 40587 --- [main] com.netflix.discovery.DiscoveryClient    : Initializing Eureka in region us-east-1
2019-12-02 13:16:38.950  INFO 40587 --- [main] com.netflix.discovery.DiscoveryClient    : Client configured to neither register nor query for data.
2019-12-02 13:16:38.953  INFO 40587 --- [main] com.netflix.discovery.DiscoveryClient    : Discovery Client initialized at timestamp 1575263798953 with initial instances count: 0
2019-12-02 13:16:38.989  INFO 40587 --- [main] c.n.eureka.DefaultEurekaServerContext    : Initializing ...
2019-12-02 13:16:38.990  INFO 40587 --- [main] c.n.eureka.cluster.PeerEurekaNodes       : Adding new peer nodes [http://localhost:2000/eureka/]
2019-12-02 13:16:39.128  INFO 40587 --- [main] c.n.d.provider.DiscoveryJerseyProvider   : Using JSON encoding codec LegacyJacksonJson
2019-12-02 13:16:39.129  INFO 40587 --- [main] c.n.d.provider.DiscoveryJerseyProvider   : Using JSON decoding codec LegacyJacksonJson
2019-12-02 13:16:39.129  INFO 40587 --- [main] c.n.d.provider.DiscoveryJerseyProvider   : Using XML encoding codec XStreamXml
2019-12-02 13:16:39.129  INFO 40587 --- [main] c.n.d.provider.DiscoveryJerseyProvider   : Using XML decoding codec XStreamXml
2019-12-02 13:16:44.216  INFO 40587 --- [main] c.n.eureka.cluster.PeerEurekaNodes       : Replica node URL:  http://localhost:2000/eureka/
2019-12-02 13:16:44.222  INFO 40587 --- [main] c.n.e.registry.AbstractInstanceRegistry  : Finished initializing remote region registries. All known remote regions: []
2019-12-02 13:16:44.222  INFO 40587 --- [main] c.n.eureka.DefaultEurekaServerContext    : Initialized
2019-12-02 13:16:44.294  INFO 40587 --- [main] o.s.j.e.a.AnnotationMBeanExporter        : Registering beans for JMX exposure on startup
2019-12-02 13:16:44.302  INFO 40587 --- [main] o.s.j.e.a.AnnotationMBeanExporter        : Bean with name 'environmentManager' has been autodetected for JMX exposure
2019-12-02 13:16:44.304  INFO 40587 --- [main] o.s.j.e.a.AnnotationMBeanExporter        : Bean with name 'configurationPropertiesRebinder' has been autodetected for JMX exposure
2019-12-02 13:16:44.304  INFO 40587 --- [main] o.s.j.e.a.AnnotationMBeanExporter        : Bean with name 'refreshEndpoint' has been autodetected for JMX exposure
2019-12-02 13:16:44.304  INFO 40587 --- [main] o.s.j.e.a.AnnotationMBeanExporter        : Bean with name 'restartEndpoint' has been autodetected for JMX exposure
2019-12-02 13:16:44.305  INFO 40587 --- [main] o.s.j.e.a.AnnotationMBeanExporter        : Bean with name 'serviceRegistryEndpoint' has been autodetected for JMX exposure
2019-12-02 13:16:44.306  INFO 40587 --- [main] o.s.j.e.a.AnnotationMBeanExporter        : Bean with name 'refreshScope' has been autodetected for JMX exposure
2019-12-02 13:16:44.307  INFO 40587 --- [main] o.s.j.e.a.AnnotationMBeanExporter        : Located managed bean 'environmentManager': registering with JMX server as MBean [org.springframework.cloud.context.environment:name=environmentManager,type=EnvironmentManager]
2019-12-02 13:16:44.318  INFO 40587 --- [main] o.s.j.e.a.AnnotationMBeanExporter        : Located managed bean 'restartEndpoint': registering with JMX server as MBean [org.springframework.cloud.context.restart:name=restartEndpoint,type=RestartEndpoint]
2019-12-02 13:16:44.325  INFO 40587 --- [main] o.s.j.e.a.AnnotationMBeanExporter        : Located managed bean 'serviceRegistryEndpoint': registering with JMX server as MBean [org.springframework.cloud.client.serviceregistry.endpoint:name=serviceRegistryEndpoint,type=ServiceRegistryEndpoint]
2019-12-02 13:16:44.330  INFO 40587 --- [main] o.s.j.e.a.AnnotationMBeanExporter        : Located managed bean 'refreshScope': registering with JMX server as MBean [org.springframework.cloud.context.scope.refresh:name=refreshScope,type=RefreshScope]
2019-12-02 13:16:44.338  INFO 40587 --- [main] o.s.j.e.a.AnnotationMBeanExporter        : Located managed bean 'configurationPropertiesRebinder': registering with JMX server as MBean [org.springframework.cloud.context.properties:name=configurationPropertiesRebinder,context=56113384,type=ConfigurationPropertiesRebinder]
2019-12-02 13:16:44.341  INFO 40587 --- [main] o.s.j.e.a.AnnotationMBeanExporter        : Located managed bean 'refreshEndpoint': registering with JMX server as MBean [org.springframework.cloud.endpoint:name=refreshEndpoint,type=RefreshEndpoint]
2019-12-02 13:16:44.503  INFO 40587 --- [main] o.s.c.support.DefaultLifecycleProcessor  : Starting beans in phase 0
2019-12-02 13:16:44.503  INFO 40587 --- [main] o.s.c.n.e.s.EurekaServiceRegistry        : Registering application unknown with eureka with status UP
2019-12-02 13:16:44.528  INFO 40587 --- [Thread-48] o.s.c.n.e.server.EurekaServerBootstrap   : Setting the eureka configuration..
2019-12-02 13:16:44.528  INFO 40587 --- [Thread-48] o.s.c.n.e.server.EurekaServerBootstrap   : Eureka data center value eureka.datacenter is not set, defaulting to default
2019-12-02 13:16:44.528  INFO 40587 --- [Thread-48] o.s.c.n.e.server.EurekaServerBootstrap   : Eureka environment value eureka.environment is not set, defaulting to test
2019-12-02 13:16:44.534  INFO 40587 --- [Thread-48] o.s.c.n.e.server.EurekaServerBootstrap   : isAws returned false
2019-12-02 13:16:44.535  INFO 40587 --- [Thread-48] o.s.c.n.e.server.EurekaServerBootstrap   : Initialized server context
2019-12-02 13:16:44.535  INFO 40587 --- [Thread-48] c.n.e.r.PeerAwareInstanceRegistryImpl    : Got 1 instances from neighboring DS node
2019-12-02 13:16:44.535  INFO 40587 --- [Thread-48] c.n.e.r.PeerAwareInstanceRegistryImpl    : Renew threshold is: 1
2019-12-02 13:16:44.535  INFO 40587 --- [Thread-48] c.n.e.r.PeerAwareInstanceRegistryImpl    : Changing status to UP
2019-12-02 13:16:44.538  INFO 40587 --- [Thread-48] e.s.EurekaServerInitializerConfiguration : Started Eureka Server
2019-12-02 13:16:44.576  INFO 40587 --- [main] s.b.c.e.t.TomcatEmbeddedServletContainer : Tomcat started on port(s): 2000 (http)
2019-12-02 13:16:44.577  INFO 40587 --- [main] .s.c.n.e.s.EurekaAutoServiceRegistration : Updating port to 2000
2019-12-02 13:16:44.580  INFO 40587 --- [main] o.h.server.HeimdallServerApplication     : Started HeimdallServerApplication in 18.805 seconds (JVM running for 24.24)
2019-12-02 13:16:44.715  INFO 40587 --- [RMI TCP Connection(2)-192.168.28.54] c.c.c.ConfigServicePropertySourceLocator : Fetching config from server at: http://localhost:8888
2019-12-02 13:16:44.724  WARN 40587 --- [RMI TCP Connection(2)-192.168.28.54] c.c.c.ConfigServicePropertySourceLocator : Could not locate PropertySource: I/O error on GET request for "http://localhost:8888/application/default": Connection refused (Connection refused); nested exception is java.net.ConnectException: Connection refused (Connection refused)
2019-12-02 13:17:02.170  INFO 40587 --- [http-nio-2000-exec-1] o.a.c.c.C.[Tomcat].[localhost].[/]       : Initializing Spring FrameworkServlet 'dispatcherServlet'
2019-12-02 13:17:02.172  INFO 40587 --- [http-nio-2000-exec-1] o.s.web.servlet.DispatcherServlet        : FrameworkServlet 'dispatcherServlet': initialization started
2019-12-02 13:17:02.188  INFO 40587 --- [http-nio-2000-exec-1] o.s.web.servlet.DispatcherServlet        : FrameworkServlet 'dispatcherServlet': initialization completed in 16 ms
2019-12-02 13:17:20.117  INFO 40587 --- [http-nio-2000-exec-3] c.n.e.registry.AbstractInstanceRegistry  : Registered instance HEIMDALL-CONFIG/192.168.28.54:heimdall-config:2020 with status UP (replication=false)
2019-12-02 13:17:20.711  INFO 40587 --- [http-nio-2000-exec-4] c.n.e.registry.AbstractInstanceRegistry  : Registered instance HEIMDALL-CONFIG/192.168.28.54:heimdall-config:2020 with status UP (replication=true)
2019-12-02 13:17:44.538  INFO 40587 --- [Eureka-EvictionTimer] c.n.e.registry.AbstractInstanceRegistry  : Running the evict task with compensationTime 0ms
2019-12-02 13:17:49.684  INFO 40587 --- [http-nio-2000-exec-9] c.n.e.registry.AbstractInstanceRegistry  : Registered instance HEIMDALL-GATEWAY/192.168.28.54:heimdall-gateway:3020 with status UP (replication=false)
2019-12-02 13:17:50.195  INFO 40587 --- [http-nio-2000-exec-3] c.n.e.registry.AbstractInstanceRegistry  : Registered instance HEIMDALL-GATEWAY/192.168.28.54:heimdall-gateway:3020 with status UP (replication=true)
2019-12-02 13:18:18.932  INFO 40587 --- [http-nio-2000-exec-7] c.n.e.registry.AbstractInstanceRegistry  : Registered instance HEIMDALL-SERVICE/192.168.28.54:heimdall-service:3000 with status UP (replication=false)
2019-12-02 13:18:19.443  INFO 40587 --- [http-nio-2000-exec-8] c.n.e.registry.AbstractInstanceRegistry  : Registered instance HEIMDALL-SERVICE/192.168.28.54:heimdall-service:3000 with status UP (replication=true)
2019-12-02 13:18:44.540  INFO 40587 --- [Eureka-EvictionTimer] c.n.e.registry.AbstractInstanceRegistry  : Running the evict task with compensationTime 2ms
2019-12-02 13:18:58.738  INFO 40587 --- [http-nio-2000-exec-2] c.n.e.registry.AbstractInstanceRegistry  : Registered instance HEIMDALL-WEB/192.168.28.54:heimdall-web:3010 with status UP (replication=false)
2019-12-02 13:18:59.248  INFO 40587 --- [http-nio-2000-exec-4] c.n.e.registry.AbstractInstanceRegistry  : Registered instance HEIMDALL-WEB/192.168.28.54:heimdall-web:3010 with status UP (replication=true)
2019-12-02 13:19:44.543  INFO 40587 --- [Eureka-EvictionTimer] c.n.e.registry.AbstractInstanceRegistry  : Running the evict task with compensationTime 2ms
2019-12-02 13:20:15.805  INFO 40587 --- [Thread-50] ationConfigEmbeddedWebApplicationContext : Closing org.springframework.boot.context.embedded.AnnotationConfigEmbeddedWebApplicationContext@56113384: startup date [Mon Dec 02 13:16:36 CST 2019]; parent: org.springframework.context.annotation.AnnotationConfigApplicationContext@323b36e0
2019-12-02 13:20:15.806  INFO 40587 --- [Thread-50] o.s.c.n.e.s.EurekaServiceRegistry        : Unregistering application unknown with eureka with status DOWN
2019-12-02 13:20:15.806  INFO 40587 --- [Thread-50] com.netflix.discovery.DiscoveryClient    : Shutting down DiscoveryClient ...
2019-12-02 13:20:15.806  INFO 40587 --- [Thread-50] com.netflix.discovery.DiscoveryClient    : Completed shut down of DiscoveryClient
2019-12-02 13:20:15.807  INFO 40587 --- [Thread-50] o.s.c.support.DefaultLifecycleProcessor  : Stopping beans in phase 0
2019-12-02 13:20:15.808  INFO 40587 --- [Thread-50] c.n.eureka.DefaultEurekaServerContext    : Shutting down ...
2019-12-02 13:20:15.809  INFO 40587 --- [Thread-50] c.n.eureka.DefaultEurekaServerContext    : Shut down
2019-12-02 13:20:15.810  INFO 40587 --- [Thread-50] o.s.j.e.a.AnnotationMBeanExporter        : Unregistering JMX-exposed beans on shutdown
2019-12-02 13:20:15.811  INFO 40587 --- [Thread-50] o.s.j.e.a.AnnotationMBeanExporter        : Unregistering JMX-exposed beans
