2019-10-28 01:41:21.887  INFO 21743 --- [main] org.xxpay.XxPayMgrApplication            : Starting XxPayMgrApplication on hanpengdeMacBook-Pro.local with PID 21743 (/code/demo/xxpay-master/xxpay-mgr/target/classes started by hanpeng in /code/demo/xxpay-master)
2019-10-28 01:41:21.889  INFO 21743 --- [main] org.xxpay.XxPayMgrApplication            : No active profile set, falling back to default profiles: default
2019-10-28 01:41:21.931  INFO 21743 --- [main] ationConfigEmbeddedWebApplicationContext : Refreshing org.springframework.boot.context.embedded.AnnotationConfigEmbeddedWebApplicationContext@2ea6137: startup date [Mon Oct 28 01:41:21 CST 2019]; root of context hierarchy
2019-10-28 01:41:22.766  INFO 21743 --- [main] s.b.c.e.t.TomcatEmbeddedServletContainer : Tomcat initialized with port(s): 8092 (http)
2019-10-28 01:41:22.773  INFO 21743 --- [main] o.apache.catalina.core.StandardService   : Starting service [Tomcat]
2019-10-28 01:41:22.774  INFO 21743 --- [main] org.apache.catalina.core.StandardEngine  : Starting Servlet Engine: Apache Tomcat/8.5.16
2019-10-28 01:41:22.836  INFO 21743 --- [localhost-startStop-1] o.a.c.c.C.[Tomcat].[localhost].[/]       : Initializing Spring embedded WebApplicationContext
2019-10-28 01:41:22.836  INFO 21743 --- [localhost-startStop-1] o.s.web.context.ContextLoader            : Root WebApplicationContext: initialization completed in 908 ms
2019-10-28 01:41:22.932  INFO 21743 --- [localhost-startStop-1] o.s.b.w.servlet.ServletRegistrationBean  : Mapping servlet: 'dispatcherServlet' to [/]
2019-10-28 01:41:22.935  INFO 21743 --- [localhost-startStop-1] o.s.b.w.servlet.FilterRegistrationBean   : Mapping filter: 'characterEncodingFilter' to: [/*]
2019-10-28 01:41:22.935  INFO 21743 --- [localhost-startStop-1] o.s.b.w.servlet.FilterRegistrationBean   : Mapping filter: 'hiddenHttpMethodFilter' to: [/*]
2019-10-28 01:41:22.935  INFO 21743 --- [localhost-startStop-1] o.s.b.w.servlet.FilterRegistrationBean   : Mapping filter: 'httpPutFormContentFilter' to: [/*]
2019-10-28 01:41:22.935  INFO 21743 --- [localhost-startStop-1] o.s.b.w.servlet.FilterRegistrationBean   : Mapping filter: 'requestContextFilter' to: [/*]
2019-10-28 01:41:23.239  INFO 21743 --- [main] com.alibaba.druid.pool.DruidDataSource   : {dataSource-1} inited
2019-10-28 01:41:23.686  INFO 21743 --- [main] s.w.s.m.m.a.RequestMappingHandlerAdapter : Looking for @ControllerAdvice: org.springframework.boot.context.embedded.AnnotationConfigEmbeddedWebApplicationContext@2ea6137: startup date [Mon Oct 28 01:41:21 CST 2019]; root of context hierarchy
2019-10-28 01:41:23.723  INFO 21743 --- [main] s.w.s.m.m.a.RequestMappingHandlerMapping : Mapped "{[/mch_info/list]}" onto public java.lang.String org.xxpay.mgr.controller.MchInfoController.list(org.xxpay.dal.dao.model.MchInfo,java.lang.Integer,java.lang.Integer)
2019-10-28 01:41:23.723  INFO 21743 --- [main] s.w.s.m.m.a.RequestMappingHandlerMapping : Mapped "{[/mch_info/save],methods=[POST]}" onto public java.lang.String org.xxpay.mgr.controller.MchInfoController.save(java.lang.String)
2019-10-28 01:41:23.724  INFO 21743 --- [main] s.w.s.m.m.a.RequestMappingHandlerMapping : Mapped "{[/mch_info/list.html]}" onto public java.lang.String org.xxpay.mgr.controller.MchInfoController.listInput(org.springframework.ui.ModelMap)
2019-10-28 01:41:23.724  INFO 21743 --- [main] s.w.s.m.m.a.RequestMappingHandlerMapping : Mapped "{[/mch_info/edit.html]}" onto public java.lang.String org.xxpay.mgr.controller.MchInfoController.editInput(java.lang.String,org.springframework.ui.ModelMap)
2019-10-28 01:41:23.724  INFO 21743 --- [main] s.w.s.m.m.a.RequestMappingHandlerMapping : Mapped "{[/mch_info/view.html]}" onto public java.lang.String org.xxpay.mgr.controller.MchInfoController.viewInput(java.lang.String,org.springframework.ui.ModelMap)
2019-10-28 01:41:23.725  INFO 21743 --- [main] s.w.s.m.m.a.RequestMappingHandlerMapping : Mapped "{[/mch_notify/list]}" onto public java.lang.String org.xxpay.mgr.controller.MchNotifyController.list(org.xxpay.dal.dao.model.MchNotify,java.lang.Integer,java.lang.Integer)
2019-10-28 01:41:23.725  INFO 21743 --- [main] s.w.s.m.m.a.RequestMappingHandlerMapping : Mapped "{[/mch_notify/list.html]}" onto public java.lang.String org.xxpay.mgr.controller.MchNotifyController.listInput(org.springframework.ui.ModelMap)
2019-10-28 01:41:23.726  INFO 21743 --- [main] s.w.s.m.m.a.RequestMappingHandlerMapping : Mapped "{[/mch_notify/view.html]}" onto public java.lang.String org.xxpay.mgr.controller.MchNotifyController.viewInput(java.lang.String,org.springframework.ui.ModelMap)
2019-10-28 01:41:23.727  INFO 21743 --- [main] s.w.s.m.m.a.RequestMappingHandlerMapping : Mapped "{[/pay_channel/list]}" onto public java.lang.String org.xxpay.mgr.controller.PayChannelController.list(org.xxpay.dal.dao.model.PayChannel,java.lang.Integer,java.lang.Integer)
2019-10-28 01:41:23.727  INFO 21743 --- [main] s.w.s.m.m.a.RequestMappingHandlerMapping : Mapped "{[/pay_channel/save],methods=[POST]}" onto public java.lang.String org.xxpay.mgr.controller.PayChannelController.save(java.lang.String)
2019-10-28 01:41:23.727  INFO 21743 --- [main] s.w.s.m.m.a.RequestMappingHandlerMapping : Mapped "{[/pay_channel/list.html]}" onto public java.lang.String org.xxpay.mgr.controller.PayChannelController.listInput(org.springframework.ui.ModelMap)
2019-10-28 01:41:23.727  INFO 21743 --- [main] s.w.s.m.m.a.RequestMappingHandlerMapping : Mapped "{[/pay_channel/edit.html]}" onto public java.lang.String org.xxpay.mgr.controller.PayChannelController.editInput(java.lang.String,org.springframework.ui.ModelMap)
2019-10-28 01:41:23.728  INFO 21743 --- [main] s.w.s.m.m.a.RequestMappingHandlerMapping : Mapped "{[/pay_channel/view.html]}" onto public java.lang.String org.xxpay.mgr.controller.PayChannelController.viewInput(java.lang.String,org.springframework.ui.ModelMap)
2019-10-28 01:41:23.730  INFO 21743 --- [main] s.w.s.m.m.a.RequestMappingHandlerMapping : Mapped "{[/pay_order/list]}" onto public java.lang.String org.xxpay.mgr.controller.PayOrderController.list(org.xxpay.dal.dao.model.PayOrder,java.lang.Integer,java.lang.Integer)
2019-10-28 01:41:23.730  INFO 21743 --- [main] s.w.s.m.m.a.RequestMappingHandlerMapping : Mapped "{[/pay_order/list.html]}" onto public java.lang.String org.xxpay.mgr.controller.PayOrderController.listInput(org.springframework.ui.ModelMap)
2019-10-28 01:41:23.730  INFO 21743 --- [main] s.w.s.m.m.a.RequestMappingHandlerMapping : Mapped "{[/pay_order/view.html]}" onto public java.lang.String org.xxpay.mgr.controller.PayOrderController.viewInput(java.lang.String,org.springframework.ui.ModelMap)
2019-10-28 01:41:23.731  INFO 21743 --- [main] s.w.s.m.m.a.RequestMappingHandlerMapping : Mapped "{[/refund_order/list]}" onto public java.lang.String org.xxpay.mgr.controller.RefundOrderController.list(org.xxpay.dal.dao.model.RefundOrder,java.lang.Integer,java.lang.Integer)
2019-10-28 01:41:23.731  INFO 21743 --- [main] s.w.s.m.m.a.RequestMappingHandlerMapping : Mapped "{[/refund_order/list.html]}" onto public java.lang.String org.xxpay.mgr.controller.RefundOrderController.listInput(org.springframework.ui.ModelMap)
2019-10-28 01:41:23.731  INFO 21743 --- [main] s.w.s.m.m.a.RequestMappingHandlerMapping : Mapped "{[/refund_order/view.html]}" onto public java.lang.String org.xxpay.mgr.controller.RefundOrderController.viewInput(java.lang.String,org.springframework.ui.ModelMap)
2019-10-28 01:41:23.732  INFO 21743 --- [main] s.w.s.m.m.a.RequestMappingHandlerMapping : Mapped "{[/trans_order/list]}" onto public java.lang.String org.xxpay.mgr.controller.TransOrderController.list(org.xxpay.dal.dao.model.TransOrder,java.lang.Integer,java.lang.Integer)
2019-10-28 01:41:23.732  INFO 21743 --- [main] s.w.s.m.m.a.RequestMappingHandlerMapping : Mapped "{[/trans_order/list.html]}" onto public java.lang.String org.xxpay.mgr.controller.TransOrderController.listInput(org.springframework.ui.ModelMap)
2019-10-28 01:41:23.732  INFO 21743 --- [main] s.w.s.m.m.a.RequestMappingHandlerMapping : Mapped "{[/trans_order/view.html]}" onto public java.lang.String org.xxpay.mgr.controller.TransOrderController.viewInput(java.lang.String,org.springframework.ui.ModelMap)
2019-10-28 01:41:23.734  INFO 21743 --- [main] s.w.s.m.m.a.RequestMappingHandlerMapping : Mapped "{[/error]}" onto public org.springframework.http.ResponseEntity<java.util.Map<java.lang.String, java.lang.Object>> org.springframework.boot.autoconfigure.web.BasicErrorController.error(javax.servlet.http.HttpServletRequest)
2019-10-28 01:41:23.734  INFO 21743 --- [main] s.w.s.m.m.a.RequestMappingHandlerMapping : Mapped "{[/error],produces=[text/html]}" onto public org.springframework.web.servlet.ModelAndView org.springframework.boot.autoconfigure.web.BasicErrorController.errorHtml(javax.servlet.http.HttpServletRequest,javax.servlet.http.HttpServletResponse)
2019-10-28 01:41:23.753  INFO 21743 --- [main] o.s.w.s.handler.SimpleUrlHandlerMapping  : Mapped URL path [/webjars/**] onto handler of type [class org.springframework.web.servlet.resource.ResourceHttpRequestHandler]
2019-10-28 01:41:23.753  INFO 21743 --- [main] o.s.w.s.handler.SimpleUrlHandlerMapping  : Mapped URL path [/**] onto handler of type [class org.springframework.web.servlet.resource.ResourceHttpRequestHandler]
2019-10-28 01:41:23.794  INFO 21743 --- [main] oConfiguration$WelcomePageHandlerMapping : Adding welcome page: class path resource [static/index.html]
2019-10-28 01:41:23.854  INFO 21743 --- [main] o.s.w.s.v.f.FreeMarkerConfigurer         : ClassTemplateLoader for Spring macros added to FreeMarker configuration
2019-10-28 01:41:23.939  INFO 21743 --- [main] o.s.j.e.a.AnnotationMBeanExporter        : Registering beans for JMX exposure on startup
2019-10-28 01:41:23.940  INFO 21743 --- [main] o.s.j.e.a.AnnotationMBeanExporter        : Bean with name 'dataSource' has been autodetected for JMX exposure
2019-10-28 01:41:23.943  INFO 21743 --- [main] o.s.j.e.a.AnnotationMBeanExporter        : Located MBean 'dataSource': registering with JMX server as MBean [com.alibaba.druid.pool:name=dataSource,type=DruidDataSource]
2019-10-28 01:41:23.989  INFO 21743 --- [main] s.b.c.e.t.TomcatEmbeddedServletContainer : Tomcat started on port(s): 8092 (http)
2019-10-28 01:41:23.992  INFO 21743 --- [main] org.xxpay.XxPayMgrApplication            : Started XxPayMgrApplication in 2.331 seconds (JVM running for 2.95)
2019-10-28 01:41:28.993  INFO 21743 --- [http-nio-8092-exec-1] o.a.c.c.C.[Tomcat].[localhost].[/]       : Initializing Spring FrameworkServlet 'dispatcherServlet'
2019-10-28 01:41:28.993  INFO 21743 --- [http-nio-8092-exec-1] o.s.web.servlet.DispatcherServlet        : FrameworkServlet 'dispatcherServlet': initialization started
2019-10-28 01:41:29.006  INFO 21743 --- [http-nio-8092-exec-1] o.s.web.servlet.DispatcherServlet        : FrameworkServlet 'dispatcherServlet': initialization completed in 13 ms
2019-10-28 01:43:33.135  INFO 21743 --- [Thread-7] ationConfigEmbeddedWebApplicationContext : Closing org.springframework.boot.context.embedded.AnnotationConfigEmbeddedWebApplicationContext@2ea6137: startup date [Mon Oct 28 01:41:21 CST 2019]; root of context hierarchy
2019-10-28 01:43:33.137  INFO 21743 --- [Thread-7] o.s.j.e.a.AnnotationMBeanExporter        : Unregistering JMX-exposed beans on shutdown
2019-10-28 01:43:33.137  INFO 21743 --- [Thread-7] o.s.j.e.a.AnnotationMBeanExporter        : Unregistering JMX-exposed beans
2019-10-28 01:43:33.140  INFO 21743 --- [Thread-7] com.alibaba.druid.pool.DruidDataSource   : {dataSource-1} closed
